<?xml version="1.0" encoding="UTF-8"?>
<!-- Generated by org.testng.reporters.JUnitReportReporter -->
<testsuite hostname="PS-WIN-LP-715" failures="0" tests="1" name="packageofAmazon.Project_Maven_Amazon.TestCase2" time="77.111" errors="0" timestamp="2025-01-24T15:21:34 IST" skipped="0">
  <testcase classname="packageofAmazon.Project_Maven_Amazon.TestCase2" name="login_searching_wishlist_cart_logout" time="77.111"/>
  <system-out/>
</testsuite> <!-- packageofAmazon.Project_Maven_Amazon.TestCase2 -->
