<?xml version="1.0" encoding="UTF-8"?>
<!-- Generated by org.testng.reporters.JUnitReportReporter -->
<testsuite hostname="PS-WIN-LP-715" failures="0" tests="1" name="packageofAmazon.Project_Maven_Amazon.TestCase1" time="54.443" errors="0" timestamp="2025-01-28T08:45:44 IST" skipped="0">
  <testcase classname="packageofAmazon.Project_Maven_Amazon.TestCase1" name="logintoamazon_search_logout" time="54.443"/>
</testsuite> <!-- packageofAmazon.Project_Maven_Amazon.TestCase1 -->
